[debug] [2025-04-06T10:39:45.633Z] ----------------------------------------------------------------------
[debug] [2025-04-06T10:39:45.635Z] Command:       C:\Program Files\nodejs\node.exe C:\Users\Pooh5821\AppData\Roaming\npm\node_modules\firebase-tools\lib\bin\firebase.js emulators:start
[debug] [2025-04-06T10:39:45.635Z] CLI Version:   14.1.0
[debug] [2025-04-06T10:39:45.636Z] Platform:      win32
[debug] [2025-04-06T10:39:45.636Z] Node Version:  v22.13.0
[debug] [2025-04-06T10:39:45.636Z] Time:          Sun Apr 06 2025 17:39:45 GMT+0700 (Indochina Time)
[debug] [2025-04-06T10:39:45.636Z] ----------------------------------------------------------------------
[debug] 
[debug] [2025-04-06T10:39:45.828Z] > command requires scopes: ["email","openid","https://www.googleapis.com/auth/cloudplatformprojects.readonly","https://www.googleapis.com/auth/firebase","https://www.googleapis.com/auth/cloud-platform"]
[debug] [2025-04-06T10:39:45.829Z] > authorizing via signed-in user (pooh5821ingkanunt@gmail.com)
[info] i  emulators: Starting emulators: hosting {"metadata":{"emulator":{"name":"hub"},"message":"Starting emulators: hosting"}}
[debug] [2025-04-06T10:39:45.842Z] [logging] Logging Emulator only supports listening on one address (127.0.0.1). Not listening on ::1
[debug] [2025-04-06T10:39:45.842Z] [hosting] Hosting Emulator only supports listening on one address (127.0.0.1). Not listening on ::1
[debug] [2025-04-06T10:39:45.842Z] assigned listening specs for emulators {"user":{"hub":[{"address":"127.0.0.1","family":"IPv4","port":4400},{"address":"::1","family":"IPv6","port":4400}],"logging":[{"address":"127.0.0.1","family":"IPv4","port":4500}],"hosting":[{"address":"127.0.0.1","family":"IPv4","port":9999}]},"metadata":{"message":"assigned listening specs for emulators"}}
[debug] [2025-04-06T10:39:45.847Z] [hub] writing locator at C:\Users\Pooh5821\AppData\Local\Temp\hub-githubactionpractice-f87c3.json
[debug] [2025-04-06T10:39:45.862Z] Checked if tokens are valid: true, expires at: 1743938811343
[debug] [2025-04-06T10:39:45.862Z] Checked if tokens are valid: true, expires at: 1743938811343
[debug] [2025-04-06T10:39:45.863Z] >>> [apiv2][query] GET https://firebasehosting.googleapis.com/v1beta1/projects/githubactionpractice-f87c3/sites 
[debug] [2025-04-06T10:39:46.919Z] <<< [apiv2][status] GET https://firebasehosting.googleapis.com/v1beta1/projects/githubactionpractice-f87c3/sites 200
[debug] [2025-04-06T10:39:46.919Z] <<< [apiv2][body] GET https://firebasehosting.googleapis.com/v1beta1/projects/githubactionpractice-f87c3/sites {"sites":[{"name":"projects/githubactionpractice-f87c3/sites/githubactionpractice-f87c3","defaultUrl":"https://githubactionpractice-f87c3.web.app","type":"DEFAULT_SITE"}]}
[debug] [2025-04-06T10:39:46.919Z] Checked if tokens are valid: true, expires at: 1743938811343
[debug] [2025-04-06T10:39:46.919Z] Checked if tokens are valid: true, expires at: 1743938811343
[debug] [2025-04-06T10:39:46.919Z] >>> [apiv2][query] GET https://firebase.googleapis.com/v1beta1/projects/githubactionpractice-f87c3/webApps/-/config [none]
[debug] [2025-04-06T10:39:47.857Z] <<< [apiv2][status] GET https://firebase.googleapis.com/v1beta1/projects/githubactionpractice-f87c3/webApps/-/config 200
[debug] [2025-04-06T10:39:47.858Z] <<< [apiv2][body] GET https://firebase.googleapis.com/v1beta1/projects/githubactionpractice-f87c3/webApps/-/config {"projectId":"githubactionpractice-f87c3","storageBucket":"githubactionpractice-f87c3.firebasestorage.app","apiKey":"AIzaSyCuQiBdngHv9hdchembY-ZmXvEzCzPaPS8","authDomain":"githubactionpractice-f87c3.firebaseapp.com","messagingSenderId":"315115796797"}
[debug] [2025-04-06T10:39:47.869Z] Checked if tokens are valid: true, expires at: 1743938811343
[debug] [2025-04-06T10:39:47.870Z] Checked if tokens are valid: true, expires at: 1743938811343
[debug] [2025-04-06T10:39:47.870Z] >>> [apiv2][query] GET https://firebase.googleapis.com/v1beta1/projects/githubactionpractice-f87c3 [none]
[debug] [2025-04-06T10:39:48.281Z] <<< [apiv2][status] GET https://firebase.googleapis.com/v1beta1/projects/githubactionpractice-f87c3 200
[debug] [2025-04-06T10:39:48.282Z] <<< [apiv2][body] GET https://firebase.googleapis.com/v1beta1/projects/githubactionpractice-f87c3 {"projectId":"githubactionpractice-f87c3","projectNumber":"315115796797","displayName":"GitHubActionPractice","name":"projects/githubactionpractice-f87c3","resources":{"hostingSite":"githubactionpractice-f87c3"},"state":"ACTIVE","etag":"1_0a4ac934-b55a-461d-bdb0-e4977f340b2e"}
[info] i  hosting[githubactionpractice-f87c3]: Serving hosting files from: public {"metadata":{"emulator":{"name":"hosting"},"message":"Serving hosting files from: \u001b[1mpublic\u001b[22m"}}
[info] +  hosting[githubactionpractice-f87c3]: Local server: http://127.0.0.1:9999 {"metadata":{"emulator":{"name":"hosting"},"message":"Local server: \u001b[4m\u001b[1mhttp://127.0.0.1:9999\u001b[22m\u001b[24m"}}
[warn] !  emulators: The Emulator UI is not starting, either because none of the running emulators have a UI component or the Emulator UI cannot determine the Project ID. Pass the --project flag to specify a project. {"metadata":{"emulator":{"name":"hub"},"message":"The Emulator UI is not starting, either because none of the running emulators have a UI component or the Emulator UI cannot determine the Project ID. Pass the --project flag to specify a project."}}
[debug] [2025-04-06T10:39:48.306Z] Could not find VSCode notification endpoint: FetchError: request to http://localhost:40001/vscode/notify failed, reason: . If you are not running the Firebase Data Connect VSCode extension, this is expected and not an issue.
[info] 
┌─────────────────────────────────────────────────────────────┐
│ ✔  All emulators ready! It is now safe to connect your app. │
└─────────────────────────────────────────────────────────────┘

┌──────────┬────────────────┐
│ Emulator │ Host:Port      │
├──────────┼────────────────┤
│ Hosting  │ 127.0.0.1:9999 │
└──────────┴────────────────┘
  Emulator Hub host: 127.0.0.1 port: 4400
  Other reserved ports: 4500

Issues? Report them at https://github.com/firebase/firebase-tools/issues and attach the *-debug.log files.
 
